2023-10-31T09:19:08.513+09:00  INFO 28064 --- [restartedMain] c.c.firstboot.FirstbootApplication       : Starting FirstbootApplication using Java 18.0.2 with PID 28064 (C:\Users\liang\Desktop\Workspace\SpringWorkspace\crazy_springboot\target\classes started by liang in C:\Users\liang\Desktop\Workspace\SpringWorkspace\crazy_springboot)
2023-10-31T09:19:08.516+09:00 DEBUG 28064 --- [restartedMain] c.c.firstboot.FirstbootApplication       : Running with Spring Boot v3.1.4, Spring v6.0.12
2023-10-31T09:19:08.518+09:00  INFO 28064 --- [restartedMain] c.c.firstboot.FirstbootApplication       : No active profile set, falling back to 1 default profile: "default"
2023-10-31T09:19:08.659+09:00  INFO 28064 --- [restartedMain] .e.DevToolsPropertyDefaultsPostProcessor : Devtools property defaults active! Set 'spring.devtools.add-properties' to 'false' to disable
2023-10-31T09:19:08.660+09:00  INFO 28064 --- [restartedMain] .e.DevToolsPropertyDefaultsPostProcessor : For additional web related logging consider setting the 'logging.level.web' property to 'DEBUG'
2023-10-31T09:19:10.107+09:00  INFO 28064 --- [restartedMain] .s.d.r.c.RepositoryConfigurationDelegate : Bootstrapping Spring Data JPA repositories in DEFAULT mode.
2023-10-31T09:19:10.192+09:00  INFO 28064 --- [restartedMain] .s.d.r.c.RepositoryConfigurationDelegate : Finished Spring Data repository scanning in 68 ms. Found 1 JPA repository interfaces.
2023-10-31T09:19:11.582+09:00  INFO 28064 --- [restartedMain] o.s.b.w.embedded.tomcat.TomcatWebServer  : Tomcat initialized with port(s): 8080 (http)
2023-10-31T09:19:11.604+09:00  INFO 28064 --- [restartedMain] o.apache.catalina.core.StandardService   : Starting service [Tomcat]
2023-10-31T09:19:11.605+09:00  INFO 28064 --- [restartedMain] o.apache.catalina.core.StandardEngine    : Starting Servlet engine: [Apache Tomcat/10.1.13]
2023-10-31T09:19:11.756+09:00  INFO 28064 --- [restartedMain] o.a.c.c.C.[Tomcat].[localhost].[/]       : Initializing Spring embedded WebApplicationContext
2023-10-31T09:19:11.757+09:00  INFO 28064 --- [restartedMain] w.s.c.ServletWebServerApplicationContext : Root WebApplicationContext: initialization completed in 3094 ms
2023-10-31T09:19:12.074+09:00  INFO 28064 --- [restartedMain] com.zaxxer.hikari.HikariDataSource       : HikariPool-1 - Starting...
2023-10-31T09:19:12.673+09:00  INFO 28064 --- [restartedMain] com.zaxxer.hikari.pool.HikariPool        : HikariPool-1 - Added connection com.mysql.cj.jdbc.ConnectionImpl@31849c1e
2023-10-31T09:19:12.676+09:00  INFO 28064 --- [restartedMain] com.zaxxer.hikari.HikariDataSource       : HikariPool-1 - Start completed.
2023-10-31T09:19:12.748+09:00  INFO 28064 --- [restartedMain] o.hibernate.jpa.internal.util.LogHelper  : HHH000204: Processing PersistenceUnitInfo [name: default]
2023-10-31T09:19:12.872+09:00  INFO 28064 --- [restartedMain] org.hibernate.Version                    : HHH000412: Hibernate ORM core version 6.2.9.Final
2023-10-31T09:19:12.876+09:00  INFO 28064 --- [restartedMain] org.hibernate.cfg.Environment            : HHH000406: Using bytecode reflection optimizer
2023-10-31T09:19:13.237+09:00  INFO 28064 --- [restartedMain] o.h.b.i.BytecodeProviderInitiator        : HHH000021: Bytecode provider name : bytebuddy
2023-10-31T09:19:13.478+09:00  INFO 28064 --- [restartedMain] o.s.o.j.p.SpringPersistenceUnitInfo      : No LoadTimeWeaver setup: ignoring JPA class transformer
2023-10-31T09:19:13.919+09:00  INFO 28064 --- [restartedMain] o.h.b.i.BytecodeProviderInitiator        : HHH000021: Bytecode provider name : bytebuddy
2023-10-31T09:19:14.622+09:00  INFO 28064 --- [restartedMain] o.h.e.t.j.p.i.JtaPlatformInitiator       : HHH000490: Using JtaPlatform implementation: [org.hibernate.engine.transaction.jta.platform.internal.NoJtaPlatform]
2023-10-31T09:19:14.678+09:00  INFO 28064 --- [restartedMain] j.LocalContainerEntityManagerFactoryBean : Initialized JPA EntityManagerFactory for persistence unit 'default'
2023-10-31T09:19:15.135+09:00  WARN 28064 --- [restartedMain] JpaBaseConfiguration$JpaWebConfiguration : spring.jpa.open-in-view is enabled by default. Therefore, database queries may be performed during view rendering. Explicitly configure spring.jpa.open-in-view to disable this warning
2023-10-31T09:19:15.789+09:00  INFO 28064 --- [restartedMain] o.s.b.d.a.OptionalLiveReloadServer       : LiveReload server is running on port 35729
2023-10-31T09:19:15.848+09:00  INFO 28064 --- [restartedMain] o.s.b.w.embedded.tomcat.TomcatWebServer  : Tomcat started on port(s): 8080 (http) with context path ''
2023-10-31T09:19:15.865+09:00  INFO 28064 --- [restartedMain] c.c.firstboot.FirstbootApplication       : Started FirstbootApplication in 8.384 seconds (process running for 9.328)
2023-10-31T09:19:39.999+09:00  INFO 28064 --- [http-nio-8080-exec-1] o.a.c.c.C.[Tomcat].[localhost].[/]       : Initializing Spring DispatcherServlet 'dispatcherServlet'
2023-10-31T09:19:40.001+09:00  INFO 28064 --- [http-nio-8080-exec-1] o.s.web.servlet.DispatcherServlet        : Initializing Servlet 'dispatcherServlet'
2023-10-31T09:19:40.002+09:00  INFO 28064 --- [http-nio-8080-exec-1] o.s.web.servlet.DispatcherServlet        : Completed initialization in 1 ms
2023-10-31T09:20:07.614+09:00 TRACE 28064 --- [http-nio-8080-exec-4] c.crazyit.firstboot.ch02.Ch02Controller  : ------TRACE级别的日志------
2023-10-31T09:20:07.616+09:00 DEBUG 28064 --- [http-nio-8080-exec-4] c.crazyit.firstboot.ch02.Ch02Controller  : ------DEBUG级别的日志------
2023-10-31T09:20:07.616+09:00  INFO 28064 --- [http-nio-8080-exec-4] c.crazyit.firstboot.ch02.Ch02Controller  : ------INFO级别的日志------
2023-10-31T09:20:07.616+09:00  WARN 28064 --- [http-nio-8080-exec-4] c.crazyit.firstboot.ch02.Ch02Controller  : ------WARN级别的日志------
2023-10-31T09:20:07.616+09:00 ERROR 28064 --- [http-nio-8080-exec-4] c.crazyit.firstboot.ch02.Ch02Controller  : ------ERROR级别的日志------
2023-10-31T09:20:47.219+09:00 TRACE 28064 --- [http-nio-8080-exec-6] c.crazyit.firstboot.ch02.Ch02Controller  : ------TRACE级别的日志------
2023-10-31T09:20:47.220+09:00 DEBUG 28064 --- [http-nio-8080-exec-6] c.crazyit.firstboot.ch02.Ch02Controller  : ------DEBUG级别的日志------
2023-10-31T09:20:47.220+09:00  INFO 28064 --- [http-nio-8080-exec-6] c.crazyit.firstboot.ch02.Ch02Controller  : ------INFO级别的日志------
2023-10-31T09:20:47.220+09:00  WARN 28064 --- [http-nio-8080-exec-6] c.crazyit.firstboot.ch02.Ch02Controller  : ------WARN级别的日志------
2023-10-31T09:20:47.220+09:00 ERROR 28064 --- [http-nio-8080-exec-6] c.crazyit.firstboot.ch02.Ch02Controller  : ------ERROR级别的日志------
2023-10-31T09:21:12.678+09:00  INFO 28064 --- [SpringApplicationShutdownHook] j.LocalContainerEntityManagerFactoryBean : Closing JPA EntityManagerFactory for persistence unit 'default'
2023-10-31T09:21:12.682+09:00  INFO 28064 --- [SpringApplicationShutdownHook] com.zaxxer.hikari.HikariDataSource       : HikariPool-1 - Shutdown initiated...
2023-10-31T09:21:12.693+09:00  INFO 28064 --- [SpringApplicationShutdownHook] com.zaxxer.hikari.HikariDataSource       : HikariPool-1 - Shutdown completed.
