2023-10-31T09:21:18.768+09:00  INFO 5916 --- [restartedMain] c.c.firstboot.FirstbootApplication       : Starting FirstbootApplication using Java 18.0.2 with PID 5916 (C:\Users\liang\Desktop\Workspace\SpringWorkspace\crazy_springboot\target\classes started by liang in C:\Users\liang\Desktop\Workspace\SpringWorkspace\crazy_springboot)
2023-10-31T09:21:18.771+09:00 DEBUG 5916 --- [restartedMain] c.c.firstboot.FirstbootApplication       : Running with Spring Boot v3.1.4, Spring v6.0.12
2023-10-31T09:21:18.774+09:00  INFO 5916 --- [restartedMain] c.c.firstboot.FirstbootApplication       : No active profile set, falling back to 1 default profile: "default"
2023-10-31T09:21:18.931+09:00  INFO 5916 --- [restartedMain] .e.DevToolsPropertyDefaultsPostProcessor : Devtools property defaults active! Set 'spring.devtools.add-properties' to 'false' to disable
2023-10-31T09:21:18.932+09:00  INFO 5916 --- [restartedMain] .e.DevToolsPropertyDefaultsPostProcessor : For additional web related logging consider setting the 'logging.level.web' property to 'DEBUG'
2023-10-31T09:21:20.424+09:00  INFO 5916 --- [restartedMain] .s.d.r.c.RepositoryConfigurationDelegate : Bootstrapping Spring Data JPA repositories in DEFAULT mode.
2023-10-31T09:21:20.527+09:00  INFO 5916 --- [restartedMain] .s.d.r.c.RepositoryConfigurationDelegate : Finished Spring Data repository scanning in 85 ms. Found 1 JPA repository interfaces.
2023-10-31T09:21:22.042+09:00  INFO 5916 --- [restartedMain] o.s.b.w.embedded.tomcat.TomcatWebServer  : Tomcat initialized with port(s): 8080 (http)
2023-10-31T09:21:22.067+09:00  INFO 5916 --- [restartedMain] o.apache.catalina.core.StandardService   : Starting service [Tomcat]
2023-10-31T09:21:22.068+09:00  INFO 5916 --- [restartedMain] o.apache.catalina.core.StandardEngine    : Starting Servlet engine: [Apache Tomcat/10.1.13]
2023-10-31T09:21:22.204+09:00  INFO 5916 --- [restartedMain] o.a.c.c.C.[Tomcat].[localhost].[/]       : Initializing Spring embedded WebApplicationContext
2023-10-31T09:21:22.205+09:00  INFO 5916 --- [restartedMain] w.s.c.ServletWebServerApplicationContext : Root WebApplicationContext: initialization completed in 3271 ms
2023-10-31T09:21:22.489+09:00  INFO 5916 --- [restartedMain] com.zaxxer.hikari.HikariDataSource       : HikariPool-1 - Starting...
2023-10-31T09:21:23.105+09:00  INFO 5916 --- [restartedMain] com.zaxxer.hikari.pool.HikariPool        : HikariPool-1 - Added connection com.mysql.cj.jdbc.ConnectionImpl@273cc7c1
2023-10-31T09:21:23.108+09:00  INFO 5916 --- [restartedMain] com.zaxxer.hikari.HikariDataSource       : HikariPool-1 - Start completed.
2023-10-31T09:21:23.175+09:00  INFO 5916 --- [restartedMain] o.hibernate.jpa.internal.util.LogHelper  : HHH000204: Processing PersistenceUnitInfo [name: default]
2023-10-31T09:21:23.264+09:00  INFO 5916 --- [restartedMain] org.hibernate.Version                    : HHH000412: Hibernate ORM core version 6.2.9.Final
2023-10-31T09:21:23.269+09:00  INFO 5916 --- [restartedMain] org.hibernate.cfg.Environment            : HHH000406: Using bytecode reflection optimizer
2023-10-31T09:21:23.568+09:00  INFO 5916 --- [restartedMain] o.h.b.i.BytecodeProviderInitiator        : HHH000021: Bytecode provider name : bytebuddy
2023-10-31T09:21:23.816+09:00  INFO 5916 --- [restartedMain] o.s.o.j.p.SpringPersistenceUnitInfo      : No LoadTimeWeaver setup: ignoring JPA class transformer
2023-10-31T09:21:24.187+09:00  INFO 5916 --- [restartedMain] o.h.b.i.BytecodeProviderInitiator        : HHH000021: Bytecode provider name : bytebuddy
2023-10-31T09:21:24.873+09:00  INFO 5916 --- [restartedMain] o.h.e.t.j.p.i.JtaPlatformInitiator       : HHH000490: Using JtaPlatform implementation: [org.hibernate.engine.transaction.jta.platform.internal.NoJtaPlatform]
2023-10-31T09:21:24.919+09:00  INFO 5916 --- [restartedMain] j.LocalContainerEntityManagerFactoryBean : Initialized JPA EntityManagerFactory for persistence unit 'default'
2023-10-31T09:21:25.273+09:00  WARN 5916 --- [restartedMain] JpaBaseConfiguration$JpaWebConfiguration : spring.jpa.open-in-view is enabled by default. Therefore, database queries may be performed during view rendering. Explicitly configure spring.jpa.open-in-view to disable this warning
2023-10-31T09:21:25.853+09:00  INFO 5916 --- [restartedMain] o.s.b.d.a.OptionalLiveReloadServer       : LiveReload server is running on port 35729
2023-10-31T09:21:25.896+09:00  INFO 5916 --- [restartedMain] o.s.b.w.embedded.tomcat.TomcatWebServer  : Tomcat started on port(s): 8080 (http) with context path ''
2023-10-31T09:21:25.909+09:00  INFO 5916 --- [restartedMain] c.c.firstboot.FirstbootApplication       : Started FirstbootApplication in 8.013 seconds (process running for 8.886)
2023-10-31T09:21:35.302+09:00  INFO 5916 --- [http-nio-8080-exec-1] o.a.c.c.C.[Tomcat].[localhost].[/]       : Initializing Spring DispatcherServlet 'dispatcherServlet'
2023-10-31T09:21:35.302+09:00  INFO 5916 --- [http-nio-8080-exec-1] o.s.web.servlet.DispatcherServlet        : Initializing Servlet 'dispatcherServlet'
2023-10-31T09:21:35.304+09:00  INFO 5916 --- [http-nio-8080-exec-1] o.s.web.servlet.DispatcherServlet        : Completed initialization in 0 ms
2023-10-31T09:21:35.330+09:00 TRACE 5916 --- [http-nio-8080-exec-1] c.crazyit.firstboot.ch02.Ch02Controller  : ------TRACE级别的日志------
2023-10-31T09:21:35.330+09:00 DEBUG 5916 --- [http-nio-8080-exec-1] c.crazyit.firstboot.ch02.Ch02Controller  : ------DEBUG级别的日志------
2023-10-31T09:21:35.330+09:00  INFO 5916 --- [http-nio-8080-exec-1] c.crazyit.firstboot.ch02.Ch02Controller  : ------INFO级别的日志------
2023-10-31T09:21:35.330+09:00  WARN 5916 --- [http-nio-8080-exec-1] c.crazyit.firstboot.ch02.Ch02Controller  : ------WARN级别的日志------
2023-10-31T09:21:35.330+09:00 ERROR 5916 --- [http-nio-8080-exec-1] c.crazyit.firstboot.ch02.Ch02Controller  : ------ERROR级别的日志------
2023-10-31T09:24:00.499+09:00  INFO 5916 --- [SpringApplicationShutdownHook] j.LocalContainerEntityManagerFactoryBean : Closing JPA EntityManagerFactory for persistence unit 'default'
2023-10-31T09:24:00.503+09:00  INFO 5916 --- [SpringApplicationShutdownHook] com.zaxxer.hikari.HikariDataSource       : HikariPool-1 - Shutdown initiated...
2023-10-31T09:24:00.513+09:00  INFO 5916 --- [SpringApplicationShutdownHook] com.zaxxer.hikari.HikariDataSource       : HikariPool-1 - Shutdown completed.
